<?xml version="1.0" encoding="UTF-8"?>
<!-- Generated by org.testng.reporters.JUnitReportReporter -->
<testsuite hostname="LIN76001689" failures="0" tests="5" name="com.appiumtesting.AppiumHandson.HandsOnDayThree" time="57.031" errors="0" timestamp="2024-04-25T13:57:33 IST" skipped="0">
  <testcase classname="com.appiumtesting.AppiumHandson.HandsOnDayThree" name="loginPage" time="11.218"/>
  <system-out/>
  <testcase classname="com.appiumtesting.AppiumHandson.HandsOnDayThree" name="orderPage" time="4.240"/>
  <system-out/>
  <testcase classname="com.appiumtesting.AppiumHandson.HandsOnDayThree" name="orderInfoPage" time="31.945"/>
  <system-out/>
  <testcase classname="com.appiumtesting.AppiumHandson.HandsOnDayThree" name="viewAllOrders" time="4.379"/>
  <system-out/>
  <testcase classname="com.appiumtesting.AppiumHandson.HandsOnDayThree" name="logOut" time="5.249"/>
  <system-out/>
</testsuite> <!-- com.appiumtesting.AppiumHandson.HandsOnDayThree -->
