<?xml version="1.0" encoding="UTF-8"?>
<!-- Generated by org.testng.reporters.JUnitReportReporter -->
<testsuite hostname="LIN76001689" failures="0" tests="5" name="com.appiumtesting.AppiumHandson.HandsOnDayOne" time="69.437" errors="0" timestamp="2024-04-25T13:57:33 IST" skipped="0">
  <testcase classname="com.appiumtesting.AppiumHandson.HandsOnDayOne" name="dragAndDropTheCircle" time="13.684"/>
  <system-out/>
  <testcase classname="com.appiumtesting.AppiumHandson.HandsOnDayOne" name="ScrollAndViewTextClock" time="16.550"/>
  <system-out/>
  <testcase classname="com.appiumtesting.AppiumHandson.HandsOnDayOne" name="swipeToSecondImage" time="10.000"/>
  <system-out/>
  <testcase classname="com.appiumtesting.AppiumHandson.HandsOnDayOne" name="viewPeopleNames" time="11.087"/>
  <system-out/>
  <testcase classname="com.appiumtesting.AppiumHandson.HandsOnDayOne" name="enterDataInTextField" time="18.116"/>
  <system-out/>
</testsuite> <!-- com.appiumtesting.AppiumHandson.HandsOnDayOne -->
