<?xml version="1.0" encoding="UTF-8"?>
<!-- Generated by org.testng.reporters.JUnitReportReporter -->
<testsuite hostname="LIN76001689" failures="0" tests="6" name="com.appiumtesting.AppiumHandson.HandsOnDayFour" time="131.089" errors="0" timestamp="2024-04-25T14:44:00 IST" skipped="0">
  <testcase classname="com.appiumtesting.AppiumHandson.HandsOnDayFour" name="loginPage" time="15.478"/>
  <system-out/>
  <testcase classname="com.appiumtesting.AppiumHandson.HandsOnDayFour" name="WithdrawalInvaildData" time="29.454"/>
  <system-out/>
  <testcase classname="com.appiumtesting.AppiumHandson.HandsOnDayFour" name="newCustomer" time="42.733"/>
  <system-out/>
  <testcase classname="com.appiumtesting.AppiumHandson.HandsOnDayFour" name="newAccount" time="15.063"/>
  <system-out/>
  <testcase classname="com.appiumtesting.AppiumHandson.HandsOnDayFour" name="WithdrawalVaildData" time="18.474"/>
  <system-out/>
  <testcase classname="com.appiumtesting.AppiumHandson.HandsOnDayFour" name="logout" time="9.887"/>
  <system-out/>
</testsuite> <!-- com.appiumtesting.AppiumHandson.HandsOnDayFour -->
