<?xml version="1.0" encoding="UTF-8"?>
<!-- Generated by org.testng.reporters.JUnitReportReporter -->
<testsuite hostname="LIN76001689" failures="0" tests="5" name="com.appiumtesting.AppiumHandsonDay1.HandsOnDayOne" time="59.667" errors="0" timestamp="2024-04-24T06:59:20 IST" skipped="0">
  <testcase classname="com.appiumtesting.AppiumHandsonDay1.HandsOnDayOne" name="dragAndDropTheCircle" time="11.004"/>
  <system-out/>
  <testcase classname="com.appiumtesting.AppiumHandsonDay1.HandsOnDayOne" name="ScrollAndViewTextClock" time="15.706"/>
  <system-out/>
  <testcase classname="com.appiumtesting.AppiumHandsonDay1.HandsOnDayOne" name="swipeToSecondImage" time="8.996"/>
  <system-out/>
  <testcase classname="com.appiumtesting.AppiumHandsonDay1.HandsOnDayOne" name="viewPeopleNames" time="9.511"/>
  <system-out/>
  <testcase classname="com.appiumtesting.AppiumHandsonDay1.HandsOnDayOne" name="enterDataInTextField" time="14.450"/>
  <system-out/>
</testsuite> <!-- com.appiumtesting.AppiumHandsonDay1.HandsOnDayOne -->
