<?xml version="1.0" encoding="UTF-8"?>
<!-- Generated by org.testng.reporters.JUnitReportReporter -->
<testsuite hostname="LIN76001689" failures="0" tests="5" name="com.appiumtesting.AppiumHandsonDay1.HandsOnDayTwo" time="75.189" errors="0" timestamp="2024-04-24T07:01:33 IST" skipped="0">
  <testcase classname="com.appiumtesting.AppiumHandsonDay1.HandsOnDayTwo" name="goToProductPage" time="48.175"/>
  <system-out/>
  <testcase classname="com.appiumtesting.AppiumHandsonDay1.HandsOnDayTwo" name="enterIncompleteData" time="6.643"/>
  <system-out/>
  <testcase classname="com.appiumtesting.AppiumHandsonDay1.HandsOnDayTwo" name="addProductToCart" time="11.600"/>
  <system-out/>
  <testcase classname="com.appiumtesting.AppiumHandsonDay1.HandsOnDayTwo" name="extractAmountInTheCart" time="0.121"/>
  <system-out/>
  <testcase classname="com.appiumtesting.AppiumHandsonDay1.HandsOnDayTwo" name="readOnTermsAndConditions" time="8.650"/>
  <system-out/>
</testsuite> <!-- com.appiumtesting.AppiumHandsonDay1.HandsOnDayTwo -->
