<?xml version="1.0" encoding="UTF-8"?>
<!-- Generated by org.testng.reporters.JUnitReportReporter -->
<testsuite hostname="LIN76001689" failures="0" tests="5" name="com.appiumtesting.AppiumHandsonDay1.HandsOnDayThree" time="50.243" errors="0" timestamp="2024-04-24T07:06:01 IST" skipped="0">
  <testcase classname="com.appiumtesting.AppiumHandsonDay1.HandsOnDayThree" name="loginPage" time="12.746"/>
  <system-out/>
  <testcase classname="com.appiumtesting.AppiumHandsonDay1.HandsOnDayThree" name="orderPage" time="4.005"/>
  <system-out/>
  <testcase classname="com.appiumtesting.AppiumHandsonDay1.HandsOnDayThree" name="orderInfoPage" time="24.888"/>
  <system-out/>
  <testcase classname="com.appiumtesting.AppiumHandsonDay1.HandsOnDayThree" name="viewAllOrders" time="3.829"/>
  <system-out/>
  <testcase classname="com.appiumtesting.AppiumHandsonDay1.HandsOnDayThree" name="logOut" time="4.775"/>
  <system-out/>
</testsuite> <!-- com.appiumtesting.AppiumHandsonDay1.HandsOnDayThree -->
