<?xml version="1.0" encoding="UTF-8"?>
<!-- Generated by org.testng.reporters.JUnitReportReporter -->
<testsuite hostname="LIN76001689" failures="0" tests="5" name="com.appiumtesting.AppiumHandson.HandsOnDayTwo" time="79.015" errors="0" timestamp="2024-04-25T13:57:33 IST" skipped="0">
  <testcase classname="com.appiumtesting.AppiumHandson.HandsOnDayTwo" name="goToProductPage" time="50.947"/>
  <system-out/>
  <testcase classname="com.appiumtesting.AppiumHandson.HandsOnDayTwo" name="enterIncompleteData" time="6.982"/>
  <system-out/>
  <testcase classname="com.appiumtesting.AppiumHandson.HandsOnDayTwo" name="addProductToCart" time="11.872"/>
  <system-out/>
  <testcase classname="com.appiumtesting.AppiumHandson.HandsOnDayTwo" name="extractAmountInTheCart" time="0.131"/>
  <system-out/>
  <testcase classname="com.appiumtesting.AppiumHandson.HandsOnDayTwo" name="readOnTermsAndConditions" time="9.083"/>
  <system-out/>
</testsuite> <!-- com.appiumtesting.AppiumHandson.HandsOnDayTwo -->
